<?xml version="1.0" encoding="utf-8" standalone="no"?>
<test-run id="2" testcasecount="0" result="Failed" label="Invalid" total="0" passed="0" failed="0" inconclusive="0" skipped="0" asserts="0" engine-version="3.8.0.0" clr-version="4.0.30319.42000" start-time="2018-08-22 06:20:36Z" end-time="2018-08-22 06:20:37Z" duration="1.110096">
  <command-line><![CDATA[nunit3-console.exe  ProjectManager.WebApi.Tests.dll]]></command-line>
  <test-suite type="Assembly" id="0-1" name="ProjectManager.WebApi.Tests.dll" fullname="C:\Users\Admin\ProjectManager\packages\NUnit.ConsoleRunner.3.8.0\tools\ProjectManager.WebApi.Tests.dll" testcasecount="0" runstate="NotRunnable" result="Failed" label="Invalid">
    <properties>
      <property name="_SKIPREASON" value="File not found: C:\Users\Admin\ProjectManager\packages\NUnit.ConsoleRunner.3.8.0\tools\ProjectManager.WebApi.Tests.dll" />
    </properties>
    <reason>
      <message>File not found: C:\Users\Admin\ProjectManager\packages\NUnit.ConsoleRunner.3.8.0\tools\ProjectManager.WebApi.Tests.dll</message>
    </reason>
  </test-suite>
</test-run>