<?xml version="1.0" encoding="utf-8" standalone="no"?>
<test-run id="2" testcasecount="18" result="Passed" total="18" passed="18" failed="0" inconclusive="0" skipped="0" asserts="48" engine-version="3.8.0.0" clr-version="4.0.30319.42000" start-time="2018-08-22 07:04:48Z" end-time="2018-08-22 07:05:11Z" duration="22.732224">
  <command-line><![CDATA[C:\Users\Admin\ProjectManager\packages\NUnit.ConsoleRunner.3.8.0\tools\nunit3-console.exe  ProjectManager.WebApi.Tests.dll]]></command-line>
  <test-suite type="Assembly" id="0-1022" name="ProjectManager.WebApi.Tests.dll" fullname="C:\Users\Admin\ProjectManager\ProjectManager.WebApi.Tests\bin\Debug\ProjectManager.WebApi.Tests.dll" runstate="Runnable" testcasecount="18" result="Passed" start-time="2018-08-22 07:04:55Z" end-time="2018-08-22 07:05:11Z" duration="15.840059" total="18" passed="18" failed="0" warnings="0" inconclusive="0" skipped="0" asserts="48">
    <environment framework-version="3.10.1.0" clr-version="4.0.30319.42000" os-version="Microsoft Windows NT 10.0.16299.0" platform="Win32NT" cwd="C:\Users\Admin\ProjectManager\ProjectManager.WebApi.Tests\bin\Debug" machine-name="DOTNET" user="Admin" user-domain="DOTNET" culture="en-IN" uiculture="en-US" os-architecture="x64" />
    <settings>
      <setting name="DisposeRunners" value="True" />
      <setting name="WorkDirectory" value="C:\Users\Admin\ProjectManager\ProjectManager.WebApi.Tests\bin\Debug" />
      <setting name="ImageRuntimeVersion" value="4.0.30319" />
      <setting name="ImageTargetFrameworkName" value=".NETFramework,Version=v4.5.2" />
      <setting name="ImageRequiresX86" value="False" />
      <setting name="ImageRequiresDefaultAppDomainAssemblyResolver" value="False" />
      <setting name="NumberOfTestWorkers" value="3" />
    </settings>
    <properties>
      <property name="_PID" value="7084" />
      <property name="_APPDOMAIN" value="domain-" />
    </properties>
    <test-suite type="TestSuite" id="0-1023" name="ContactsNUnitTests" fullname="ContactsNUnitTests" runstate="Runnable" testcasecount="3" result="Passed" start-time="2018-08-22 07:04:55Z" end-time="2018-08-22 07:04:57Z" duration="1.854433" total="3" passed="3" failed="0" warnings="0" inconclusive="0" skipped="0" asserts="3">
      <test-suite type="TestSuite" id="0-1024" name="ServiceHttpResponse" fullname="ContactsNUnitTests.ServiceHttpResponse" runstate="Runnable" testcasecount="3" result="Passed" start-time="2018-08-22 07:04:55Z" end-time="2018-08-22 07:04:57Z" duration="1.852161" total="3" passed="3" failed="0" warnings="0" inconclusive="0" skipped="0" asserts="3">
        <test-suite type="TestFixture" id="0-1000" name="HttpResponseTests" fullname="ContactsNUnitTests.ServiceHttpResponse.HttpResponseTests" classname="ContactsNUnitTests.ServiceHttpResponse.HttpResponseTests" runstate="Runnable" testcasecount="3" result="Passed" start-time="2018-08-22 07:04:55Z" end-time="2018-08-22 07:04:57Z" duration="1.825276" total="3" passed="3" failed="0" warnings="0" inconclusive="0" skipped="0" asserts="3">
          <test-case id="0-1003" name="GetAuthenticationStatus" fullname="ContactsNUnitTests.ServiceHttpResponse.HttpResponseTests.GetAuthenticationStatus" methodname="GetAuthenticationStatus" classname="ContactsNUnitTests.ServiceHttpResponse.HttpResponseTests" runstate="Runnable" seed="1327364241" result="Passed" start-time="2018-08-22 07:04:55Z" end-time="2018-08-22 07:04:57Z" duration="1.743208" asserts="1" />
          <test-case id="0-1002" name="GetResponseIsJson" fullname="ContactsNUnitTests.ServiceHttpResponse.HttpResponseTests.GetResponseIsJson" methodname="GetResponseIsJson" classname="ContactsNUnitTests.ServiceHttpResponse.HttpResponseTests" runstate="Runnable" seed="1944610393" result="Passed" start-time="2018-08-22 07:04:57Z" end-time="2018-08-22 07:04:57Z" duration="0.031893" asserts="1" />
          <test-case id="0-1001" name="GetResponseIsSuccess" fullname="ContactsNUnitTests.ServiceHttpResponse.HttpResponseTests.GetResponseIsSuccess" methodname="GetResponseIsSuccess" classname="ContactsNUnitTests.ServiceHttpResponse.HttpResponseTests" runstate="Runnable" seed="58813200" result="Passed" start-time="2018-08-22 07:04:57Z" end-time="2018-08-22 07:04:57Z" duration="0.007892" asserts="1" />
        </test-suite>
      </test-suite>
    </test-suite>
    <test-suite type="TestSuite" id="0-1025" name="ProjectManager" fullname="ProjectManager" runstate="Runnable" testcasecount="15" result="Passed" start-time="2018-08-22 07:04:55Z" end-time="2018-08-22 07:05:11Z" duration="15.767421" total="15" passed="15" failed="0" warnings="0" inconclusive="0" skipped="0" asserts="45">
      <test-suite type="TestSuite" id="0-1026" name="WebApi" fullname="ProjectManager.WebApi" runstate="Runnable" testcasecount="15" result="Passed" start-time="2018-08-22 07:04:55Z" end-time="2018-08-22 07:05:11Z" duration="15.767122" total="15" passed="15" failed="0" warnings="0" inconclusive="0" skipped="0" asserts="45">
        <test-suite type="TestSuite" id="0-1027" name="Tests" fullname="ProjectManager.WebApi.Tests" runstate="Runnable" testcasecount="15" result="Passed" start-time="2018-08-22 07:04:55Z" end-time="2018-08-22 07:05:11Z" duration="15.766792" total="15" passed="15" failed="0" warnings="0" inconclusive="0" skipped="0" asserts="45">
          <test-suite type="TestSuite" id="0-1028" name="Controller" fullname="ProjectManager.WebApi.Tests.Controller" runstate="Runnable" testcasecount="15" result="Passed" start-time="2018-08-22 07:04:55Z" end-time="2018-08-22 07:05:11Z" duration="15.764642" total="15" passed="15" failed="0" warnings="0" inconclusive="0" skipped="0" asserts="45">
            <test-suite type="TestFixture" id="0-1004" name="ProjectServiceTest" fullname="ProjectManager.WebApi.Tests.Controller.ProjectServiceTest" classname="ProjectManager.WebApi.Tests.Controller.ProjectServiceTest" runstate="Runnable" testcasecount="5" result="Passed" start-time="2018-08-22 07:04:57Z" end-time="2018-08-22 07:05:10Z" duration="13.539750" total="5" passed="5" failed="0" warnings="0" inconclusive="0" skipped="0" asserts="15">
              <test-case id="0-1005" name="PostProject" fullname="ProjectManager.WebApi.Tests.Controller.ProjectServiceTest.PostProject" methodname="PostProject" classname="ProjectManager.WebApi.Tests.Controller.ProjectServiceTest" runstate="Runnable" seed="1259631565" result="Passed" start-time="2018-08-22 07:04:57Z" end-time="2018-08-22 07:05:10Z" duration="13.347193" asserts="6">
                <properties>
                  <property name="Order" value="1" />
                </properties>
              </test-case>
              <test-case id="0-1006" name="GetAllProject" fullname="ProjectManager.WebApi.Tests.Controller.ProjectServiceTest.GetAllProject" methodname="GetAllProject" classname="ProjectManager.WebApi.Tests.Controller.ProjectServiceTest" runstate="Runnable" seed="593183" result="Passed" start-time="2018-08-22 07:05:10Z" end-time="2018-08-22 07:05:10Z" duration="0.012428" asserts="1">
                <properties>
                  <property name="Order" value="2" />
                </properties>
              </test-case>
              <test-case id="0-1007" name="GetProjectByProjectId" fullname="ProjectManager.WebApi.Tests.Controller.ProjectServiceTest.GetProjectByProjectId" methodname="GetProjectByProjectId" classname="ProjectManager.WebApi.Tests.Controller.ProjectServiceTest" runstate="Runnable" seed="1031937867" result="Passed" start-time="2018-08-22 07:05:10Z" end-time="2018-08-22 07:05:10Z" duration="0.021120" asserts="3">
                <properties>
                  <property name="Order" value="3" />
                </properties>
              </test-case>
              <test-case id="0-1008" name="PutProject" fullname="ProjectManager.WebApi.Tests.Controller.ProjectServiceTest.PutProject" methodname="PutProject" classname="ProjectManager.WebApi.Tests.Controller.ProjectServiceTest" runstate="Runnable" seed="751159862" result="Passed" start-time="2018-08-22 07:05:10Z" end-time="2018-08-22 07:05:10Z" duration="0.023114" asserts="3">
                <properties>
                  <property name="Order" value="4" />
                </properties>
              </test-case>
              <test-case id="0-1009" name="DeleteProject" fullname="ProjectManager.WebApi.Tests.Controller.ProjectServiceTest.DeleteProject" methodname="DeleteProject" classname="ProjectManager.WebApi.Tests.Controller.ProjectServiceTest" runstate="Runnable" seed="1446115943" result="Passed" start-time="2018-08-22 07:05:10Z" end-time="2018-08-22 07:05:10Z" duration="0.134815" asserts="2">
                <properties>
                  <property name="Order" value="5" />
                </properties>
              </test-case>
            </test-suite>
            <test-suite type="TestFixture" id="0-1010" name="TaskServiceTest" fullname="ProjectManager.WebApi.Tests.Controller.TaskServiceTest" classname="ProjectManager.WebApi.Tests.Controller.TaskServiceTest" runstate="Runnable" testcasecount="5" result="Passed" start-time="2018-08-22 07:05:10Z" end-time="2018-08-22 07:05:11Z" duration="0.207019" total="5" passed="5" failed="0" warnings="0" inconclusive="0" skipped="0" asserts="15">
              <test-case id="0-1011" name="PostTask" fullname="ProjectManager.WebApi.Tests.Controller.TaskServiceTest.PostTask" methodname="PostTask" classname="ProjectManager.WebApi.Tests.Controller.TaskServiceTest" runstate="Runnable" seed="1314482319" result="Passed" start-time="2018-08-22 07:05:10Z" end-time="2018-08-22 07:05:11Z" duration="0.149723" asserts="6">
                <properties>
                  <property name="Order" value="1" />
                </properties>
              </test-case>
              <test-case id="0-1012" name="GetAllTask" fullname="ProjectManager.WebApi.Tests.Controller.TaskServiceTest.GetAllTask" methodname="GetAllTask" classname="ProjectManager.WebApi.Tests.Controller.TaskServiceTest" runstate="Runnable" seed="564953089" result="Passed" start-time="2018-08-22 07:05:11Z" end-time="2018-08-22 07:05:11Z" duration="0.004324" asserts="1">
                <properties>
                  <property name="Order" value="2" />
                </properties>
              </test-case>
              <test-case id="0-1013" name="GetTaskByTaskId" fullname="ProjectManager.WebApi.Tests.Controller.TaskServiceTest.GetTaskByTaskId" methodname="GetTaskByTaskId" classname="ProjectManager.WebApi.Tests.Controller.TaskServiceTest" runstate="Runnable" seed="1098071094" result="Passed" start-time="2018-08-22 07:05:11Z" end-time="2018-08-22 07:05:11Z" duration="0.005591" asserts="3">
                <properties>
                  <property name="Order" value="3" />
                </properties>
              </test-case>
              <test-case id="0-1014" name="PutTask" fullname="ProjectManager.WebApi.Tests.Controller.TaskServiceTest.PutTask" methodname="PutTask" classname="ProjectManager.WebApi.Tests.Controller.TaskServiceTest" runstate="Runnable" seed="1141172401" result="Passed" start-time="2018-08-22 07:05:11Z" end-time="2018-08-22 07:05:11Z" duration="0.011264" asserts="3">
                <properties>
                  <property name="Order" value="4" />
                </properties>
              </test-case>
              <test-case id="0-1015" name="DeleteTask" fullname="ProjectManager.WebApi.Tests.Controller.TaskServiceTest.DeleteTask" methodname="DeleteTask" classname="ProjectManager.WebApi.Tests.Controller.TaskServiceTest" runstate="Runnable" seed="93179828" result="Passed" start-time="2018-08-22 07:05:11Z" end-time="2018-08-22 07:05:11Z" duration="0.034205" asserts="2">
                <properties>
                  <property name="Order" value="5" />
                </properties>
              </test-case>
            </test-suite>
            <test-suite type="TestFixture" id="0-1016" name="UserServiceTest" fullname="ProjectManager.WebApi.Tests.Controller.UserServiceTest" classname="ProjectManager.WebApi.Tests.Controller.UserServiceTest" runstate="Runnable" testcasecount="5" result="Passed" start-time="2018-08-22 07:05:11Z" end-time="2018-08-22 07:05:11Z" duration="0.177625" total="5" passed="5" failed="0" warnings="0" inconclusive="0" skipped="0" asserts="15">
              <test-case id="0-1017" name="PostUser" fullname="ProjectManager.WebApi.Tests.Controller.UserServiceTest.PostUser" methodname="PostUser" classname="ProjectManager.WebApi.Tests.Controller.UserServiceTest" runstate="Runnable" seed="682832517" result="Passed" start-time="2018-08-22 07:05:11Z" end-time="2018-08-22 07:05:11Z" duration="0.126970" asserts="6">
                <properties>
                  <property name="Order" value="1" />
                </properties>
              </test-case>
              <test-case id="0-1018" name="GetAllUser" fullname="ProjectManager.WebApi.Tests.Controller.UserServiceTest.GetAllUser" methodname="GetAllUser" classname="ProjectManager.WebApi.Tests.Controller.UserServiceTest" runstate="Runnable" seed="1775707047" result="Passed" start-time="2018-08-22 07:05:11Z" end-time="2018-08-22 07:05:11Z" duration="0.006304" asserts="1">
                <properties>
                  <property name="Order" value="2" />
                </properties>
              </test-case>
              <test-case id="0-1019" name="GetUserByUserId" fullname="ProjectManager.WebApi.Tests.Controller.UserServiceTest.GetUserByUserId" methodname="GetUserByUserId" classname="ProjectManager.WebApi.Tests.Controller.UserServiceTest" runstate="Runnable" seed="1946696971" result="Passed" start-time="2018-08-22 07:05:11Z" end-time="2018-08-22 07:05:11Z" duration="0.007183" asserts="3">
                <properties>
                  <property name="Order" value="3" />
                </properties>
              </test-case>
              <test-case id="0-1020" name="PutUser" fullname="ProjectManager.WebApi.Tests.Controller.UserServiceTest.PutUser" methodname="PutUser" classname="ProjectManager.WebApi.Tests.Controller.UserServiceTest" runstate="Runnable" seed="1070201710" result="Passed" start-time="2018-08-22 07:05:11Z" end-time="2018-08-22 07:05:11Z" duration="0.010788" asserts="3">
                <properties>
                  <property name="Order" value="4" />
                </properties>
              </test-case>
              <test-case id="0-1021" name="DeleteUser" fullname="ProjectManager.WebApi.Tests.Controller.UserServiceTest.DeleteUser" methodname="DeleteUser" classname="ProjectManager.WebApi.Tests.Controller.UserServiceTest" runstate="Runnable" seed="751614221" result="Passed" start-time="2018-08-22 07:05:11Z" end-time="2018-08-22 07:05:11Z" duration="0.024193" asserts="2">
                <properties>
                  <property name="Order" value="5" />
                </properties>
              </test-case>
            </test-suite>
          </test-suite>
        </test-suite>
      </test-suite>
    </test-suite>
  </test-suite>
</test-run>